--[ 2021.03.14.16.19.18.627.0 ]--
NewLogger: ANTLR
Version: 1.3
--[ 2021.03.14.16.19.18.643.0 ]--
InitTree:

--[ 2021.03.14.16.19.20.917.0 ]--
UpdateTree (AD): 1 0
+ /ANTLR.iml

--[ 2021.03.14.16.19.25.438.0 ]--
UpdateTree (AD): 5 0
+ /.log/history.log
+ /.idea/misc.xml
+ /.idea/.gitignore
+ /.idea/modules.xml
+ /.idea/workspace.xml

--[ 2021.03.14.16.19.38.649.0 ]--
UpdateTree (AD): 1 0
+ /CSVScript.g4

--[ 2021.03.14.16.19.46.606.0 ]--
UpdateTree (AD): 7 0
+ /.log/history.log
+ /.idea/misc.xml
+ /.idea/.gitignore
+ /.idea/modules.xml
+ /.idea/workspace.xml
+ /ANTLR.iml
+ /CSVScript.g4

--[ 2021.03.14.16.19.46.611.0 ]--
UpdateTree (AD): 7 0
+ /.log/history.log
+ /.idea/misc.xml
+ /.idea/.gitignore
+ /.idea/modules.xml
+ /.idea/workspace.xml
+ /ANTLR.iml
+ /CSVScript.g4

--[ 2021.03.14.16.19.46.615.0 ]--
UpdateTree (AD): 7 0
+ /.log/history.log
+ /.idea/misc.xml
+ /.idea/.gitignore
+ /.idea/modules.xml
+ /.idea/workspace.xml
+ /ANTLR.iml
+ /CSVScript.g4

--[ 2021.03.14.16.53.38.278.0 ]--
DisposeComponent
--[ 2021.03.14.16.53.40.658.0 ]--
DisposeComponent
--[ 2021.03.14.16.53.43.390.0 ]--
DisposeComponent
--[ 2021.03.14.16.53.47.089.0 ]--
DisposeComponent
